<?xml version="1.0" encoding="UTF-8"?>
<coverage generated="1757004028134" clover="3.2.0">
  <project timestamp="1757004028134" name="All files">
    <metrics statements="44" coveredstatements="44" conditionals="34" coveredconditionals="34" methods="16" coveredmethods="16" elements="94" coveredelements="94" complexity="0" loc="44" ncloc="44" packages="1" files="2" classes="2"/>
    <file name="mathUtils.js" path="C:\D\Workplace\Focus-Bear\learn-git\unurbat-intern-repo\react-testing-demo\src\utils\mathUtils.js">
      <metrics statements="20" coveredstatements="20" conditionals="16" coveredconditionals="16" methods="9" coveredmethods="9"/>
      <line num="7" count="9" type="stmt"/>
      <line num="12" count="7" type="stmt"/>
      <line num="17" count="9" type="stmt"/>
      <line num="22" count="10" type="cond" truecount="2" falsecount="0"/>
      <line num="23" count="2" type="stmt"/>
      <line num="25" count="8" type="stmt"/>
      <line num="30" count="10" type="stmt"/>
      <line num="35" count="18" type="cond" truecount="2" falsecount="0"/>
      <line num="36" count="2" type="stmt"/>
      <line num="38" count="16" type="cond" truecount="4" falsecount="0"/>
      <line num="39" count="6" type="stmt"/>
      <line num="41" count="10" type="stmt"/>
      <line num="46" count="11" type="cond" truecount="4" falsecount="0"/>
      <line num="47" count="4" type="stmt"/>
      <line num="49" count="7" type="stmt"/>
      <line num="54" count="13" type="cond" truecount="4" falsecount="0"/>
      <line num="55" count="4" type="stmt"/>
      <line num="57" count="25" type="stmt"/>
      <line num="58" count="9" type="stmt"/>
      <line num="61" count="1" type="stmt"/>
    </file>
    <file name="stringUtils.js" path="C:\D\Workplace\Focus-Bear\learn-git\unurbat-intern-repo\react-testing-demo\src\utils\stringUtils.js">
      <metrics statements="24" coveredstatements="24" conditionals="18" coveredconditionals="18" methods="7" coveredmethods="7"/>
      <line num="7" count="13" type="cond" truecount="4" falsecount="0"/>
      <line num="8" count="4" type="stmt"/>
      <line num="10" count="9" type="stmt"/>
      <line num="15" count="13" type="cond" truecount="2" falsecount="0"/>
      <line num="16" count="3" type="stmt"/>
      <line num="18" count="10" type="stmt"/>
      <line num="23" count="19" type="cond" truecount="2" falsecount="0"/>
      <line num="24" count="3" type="stmt"/>
      <line num="26" count="16" type="stmt"/>
      <line num="27" count="16" type="stmt"/>
      <line num="32" count="15" type="cond" truecount="2" falsecount="0"/>
      <line num="33" count="3" type="stmt"/>
      <line num="35" count="24" type="stmt"/>
      <line num="40" count="13" type="cond" truecount="2" falsecount="0"/>
      <line num="41" count="3" type="stmt"/>
      <line num="43" count="10" type="cond" truecount="2" falsecount="0"/>
      <line num="44" count="6" type="stmt"/>
      <line num="46" count="4" type="stmt"/>
      <line num="51" count="17" type="cond" truecount="2" falsecount="0"/>
      <line num="52" count="3" type="stmt"/>
      <line num="54" count="14" type="stmt"/>
      <line num="55" count="14" type="stmt"/>
      <line num="56" count="14" type="cond" truecount="2" falsecount="0"/>
      <line num="59" count="1" type="stmt"/>
    </file>
  </project>
</coverage>
