{"C:\\D\\Workplace\\Focus-Bear\\learn-git\\unurbat-intern-repo\\react-testing-demo\\src\\utils\\mathUtils.js": {"path":"C:\\D\\Workplace\\Focus-Bear\\learn-git\\unurbat-intern-repo\\react-testing-demo\\src\\utils\\mathUtils.js","statementMap":{"0":{"start":{"line":7,"column":2},"end":{"line":7,"column":15}},"1":{"start":{"line":12,"column":2},"end":{"line":12,"column":15}},"2":{"start":{"line":17,"column":2},"end":{"line":17,"column":15}},"3":{"start":{"line":22,"column":2},"end":{"line":24,"column":3}},"4":{"start":{"line":23,"column":4},"end":{"line":23,"column":45}},"5":{"start":{"line":25,"column":2},"end":{"line":25,"column":15}},"6":{"start":{"line":30,"column":2},"end":{"line":30,"column":26}},"7":{"start":{"line":35,"column":2},"end":{"line":37,"column":3}},"8":{"start":{"line":36,"column":4},"end":{"line":36,"column":69}},"9":{"start":{"line":38,"column":2},"end":{"line":40,"column":3}},"10":{"start":{"line":39,"column":4},"end":{"line":39,"column":13}},"11":{"start":{"line":41,"column":2},"end":{"line":41,"column":30}},"12":{"start":{"line":46,"column":2},"end":{"line":48,"column":3}},"13":{"start":{"line":47,"column":4},"end":{"line":47,"column":55}},"14":{"start":{"line":49,"column":2},"end":{"line":49,"column":39}},"15":{"start":{"line":54,"column":2},"end":{"line":56,"column":3}},"16":{"start":{"line":55,"column":4},"end":{"line":55,"column":13}},"17":{"start":{"line":57,"column":14},"end":{"line":57,"column":73}},"18":{"start":{"line":57,"column":50},"end":{"line":57,"column":67}},"19":{"start":{"line":58,"column":2},"end":{"line":58,"column":30}},"20":{"start":{"line":61,"column":0},"end":{"line":70,"column":2}}},"fnMap":{"0":{"name":"add","decl":{"start":{"line":6,"column":9},"end":{"line":6,"column":12}},"loc":{"start":{"line":6,"column":19},"end":{"line":8,"column":1}},"line":6},"1":{"name":"subtract","decl":{"start":{"line":11,"column":9},"end":{"line":11,"column":17}},"loc":{"start":{"line":11,"column":24},"end":{"line":13,"column":1}},"line":11},"2":{"name":"multiply","decl":{"start":{"line":16,"column":9},"end":{"line":16,"column":17}},"loc":{"start":{"line":16,"column":24},"end":{"line":18,"column":1}},"line":16},"3":{"name":"divide","decl":{"start":{"line":21,"column":9},"end":{"line":21,"column":15}},"loc":{"start":{"line":21,"column":22},"end":{"line":26,"column":1}},"line":21},"4":{"name":"isEven","decl":{"start":{"line":29,"column":9},"end":{"line":29,"column":15}},"loc":{"start":{"line":29,"column":24},"end":{"line":31,"column":1}},"line":29},"5":{"name":"factorial","decl":{"start":{"line":34,"column":9},"end":{"line":34,"column":18}},"loc":{"start":{"line":34,"column":22},"end":{"line":42,"column":1}},"line":34},"6":{"name":"findMax","decl":{"start":{"line":45,"column":9},"end":{"line":45,"column":16}},"loc":{"start":{"line":45,"column":26},"end":{"line":50,"column":1}},"line":45},"7":{"name":"calculateAverage","decl":{"start":{"line":53,"column":9},"end":{"line":53,"column":25}},"loc":{"start":{"line":53,"column":35},"end":{"line":59,"column":1}},"line":53},"8":{"name":"(anonymous_8)","decl":{"start":{"line":57,"column":29},"end":{"line":57,"column":30}},"loc":{"start":{"line":57,"column":48},"end":{"line":57,"column":69}},"line":57}},"branchMap":{"0":{"loc":{"start":{"line":22,"column":2},"end":{"line":24,"column":3}},"type":"if","locations":[{"start":{"line":22,"column":2},"end":{"line":24,"column":3}},{"start":{},"end":{}}],"line":22},"1":{"loc":{"start":{"line":35,"column":2},"end":{"line":37,"column":3}},"type":"if","locations":[{"start":{"line":35,"column":2},"end":{"line":37,"column":3}},{"start":{},"end":{}}],"line":35},"2":{"loc":{"start":{"line":38,"column":2},"end":{"line":40,"column":3}},"type":"if","locations":[{"start":{"line":38,"column":2},"end":{"line":40,"column":3}},{"start":{},"end":{}}],"line":38},"3":{"loc":{"start":{"line":38,"column":6},"end":{"line":38,"column":24}},"type":"binary-expr","locations":[{"start":{"line":38,"column":6},"end":{"line":38,"column":13}},{"start":{"line":38,"column":17},"end":{"line":38,"column":24}}],"line":38},"4":{"loc":{"start":{"line":46,"column":2},"end":{"line":48,"column":3}},"type":"if","locations":[{"start":{"line":46,"column":2},"end":{"line":48,"column":3}},{"start":{},"end":{}}],"line":46},"5":{"loc":{"start":{"line":46,"column":6},"end":{"line":46,"column":53}},"type":"binary-expr","locations":[{"start":{"line":46,"column":6},"end":{"line":46,"column":29}},{"start":{"line":46,"column":33},"end":{"line":46,"column":53}}],"line":46},"6":{"loc":{"start":{"line":54,"column":2},"end":{"line":56,"column":3}},"type":"if","locations":[{"start":{"line":54,"column":2},"end":{"line":56,"column":3}},{"start":{},"end":{}}],"line":54},"7":{"loc":{"start":{"line":54,"column":6},"end":{"line":54,"column":53}},"type":"binary-expr","locations":[{"start":{"line":54,"column":6},"end":{"line":54,"column":29}},{"start":{"line":54,"column":33},"end":{"line":54,"column":53}}],"line":54}},"s":{"0":9,"1":7,"2":9,"3":10,"4":2,"5":8,"6":10,"7":18,"8":2,"9":16,"10":6,"11":10,"12":11,"13":4,"14":7,"15":13,"16":4,"17":9,"18":25,"19":9,"20":1},"f":{"0":9,"1":7,"2":9,"3":10,"4":10,"5":18,"6":11,"7":13,"8":25},"b":{"0":[2,8],"1":[2,16],"2":[6,10],"3":[16,15],"4":[4,7],"5":[11,8],"6":[4,9],"7":[13,10]},"_coverageSchema":"1a1c01bbd47fc00a2c39e90264f33305004495a9","hash":"449cff92e86c752c4e1b6db64fd323c4c83dd5f8"}
,"C:\\D\\Workplace\\Focus-Bear\\learn-git\\unurbat-intern-repo\\react-testing-demo\\src\\utils\\stringUtils.js": {"path":"C:\\D\\Workplace\\Focus-Bear\\learn-git\\unurbat-intern-repo\\react-testing-demo\\src\\utils\\stringUtils.js","statementMap":{"0":{"start":{"line":7,"column":2},"end":{"line":9,"column":3}},"1":{"start":{"line":8,"column":4},"end":{"line":8,"column":15}},"2":{"start":{"line":10,"column":2},"end":{"line":10,"column":66}},"3":{"start":{"line":15,"column":2},"end":{"line":17,"column":3}},"4":{"start":{"line":16,"column":4},"end":{"line":16,"column":46}},"5":{"start":{"line":18,"column":2},"end":{"line":18,"column":42}},"6":{"start":{"line":23,"column":2},"end":{"line":25,"column":3}},"7":{"start":{"line":24,"column":4},"end":{"line":24,"column":17}},"8":{"start":{"line":26,"column":18},"end":{"line":26,"column":61}},"9":{"start":{"line":27,"column":2},"end":{"line":27,"column":58}},"10":{"start":{"line":32,"column":2},"end":{"line":34,"column":3}},"11":{"start":{"line":33,"column":4},"end":{"line":33,"column":13}},"12":{"start":{"line":35,"column":2},"end":{"line":35,"column":72}},"13":{"start":{"line":35,"column":48},"end":{"line":35,"column":63}},"14":{"start":{"line":40,"column":2},"end":{"line":42,"column":3}},"15":{"start":{"line":41,"column":4},"end":{"line":41,"column":14}},"16":{"start":{"line":43,"column":2},"end":{"line":45,"column":3}},"17":{"start":{"line":44,"column":4},"end":{"line":44,"column":15}},"18":{"start":{"line":46,"column":2},"end":{"line":46,"column":49}},"19":{"start":{"line":51,"column":2},"end":{"line":53,"column":3}},"20":{"start":{"line":52,"column":4},"end":{"line":52,"column":16}},"21":{"start":{"line":54,"column":21},"end":{"line":54,"column":74}},"22":{"start":{"line":55,"column":16},"end":{"line":55,"column":37}},"23":{"start":{"line":56,"column":2},"end":{"line":56,"column":33}},"24":{"start":{"line":59,"column":0},"end":{"line":66,"column":2}}},"fnMap":{"0":{"name":"capitalizeFirst","decl":{"start":{"line":6,"column":9},"end":{"line":6,"column":24}},"loc":{"start":{"line":6,"column":30},"end":{"line":11,"column":1}},"line":6},"1":{"name":"reverseString","decl":{"start":{"line":14,"column":9},"end":{"line":14,"column":22}},"loc":{"start":{"line":14,"column":28},"end":{"line":19,"column":1}},"line":14},"2":{"name":"isPalindrome","decl":{"start":{"line":22,"column":9},"end":{"line":22,"column":21}},"loc":{"start":{"line":22,"column":27},"end":{"line":28,"column":1}},"line":22},"3":{"name":"countWords","decl":{"start":{"line":31,"column":9},"end":{"line":31,"column":19}},"loc":{"start":{"line":31,"column":25},"end":{"line":36,"column":1}},"line":31},"4":{"name":"(anonymous_4)","decl":{"start":{"line":35,"column":40},"end":{"line":35,"column":41}},"loc":{"start":{"line":35,"column":48},"end":{"line":35,"column":63}},"line":35},"5":{"name":"truncateString","decl":{"start":{"line":39,"column":9},"end":{"line":39,"column":23}},"loc":{"start":{"line":39,"column":40},"end":{"line":47,"column":1}},"line":39},"6":{"name":"extractEmail","decl":{"start":{"line":50,"column":9},"end":{"line":50,"column":21}},"loc":{"start":{"line":50,"column":27},"end":{"line":57,"column":1}},"line":50}},"branchMap":{"0":{"loc":{"start":{"line":7,"column":2},"end":{"line":9,"column":3}},"type":"if","locations":[{"start":{"line":7,"column":2},"end":{"line":9,"column":3}},{"start":{},"end":{}}],"line":7},"1":{"loc":{"start":{"line":7,"column":6},"end":{"line":7,"column":49}},"type":"binary-expr","locations":[{"start":{"line":7,"column":6},"end":{"line":7,"column":29}},{"start":{"line":7,"column":33},"end":{"line":7,"column":49}}],"line":7},"2":{"loc":{"start":{"line":15,"column":2},"end":{"line":17,"column":3}},"type":"if","locations":[{"start":{"line":15,"column":2},"end":{"line":17,"column":3}},{"start":{},"end":{}}],"line":15},"3":{"loc":{"start":{"line":23,"column":2},"end":{"line":25,"column":3}},"type":"if","locations":[{"start":{"line":23,"column":2},"end":{"line":25,"column":3}},{"start":{},"end":{}}],"line":23},"4":{"loc":{"start":{"line":32,"column":2},"end":{"line":34,"column":3}},"type":"if","locations":[{"start":{"line":32,"column":2},"end":{"line":34,"column":3}},{"start":{},"end":{}}],"line":32},"5":{"loc":{"start":{"line":40,"column":2},"end":{"line":42,"column":3}},"type":"if","locations":[{"start":{"line":40,"column":2},"end":{"line":42,"column":3}},{"start":{},"end":{}}],"line":40},"6":{"loc":{"start":{"line":43,"column":2},"end":{"line":45,"column":3}},"type":"if","locations":[{"start":{"line":43,"column":2},"end":{"line":45,"column":3}},{"start":{},"end":{}}],"line":43},"7":{"loc":{"start":{"line":51,"column":2},"end":{"line":53,"column":3}},"type":"if","locations":[{"start":{"line":51,"column":2},"end":{"line":53,"column":3}},{"start":{},"end":{}}],"line":51},"8":{"loc":{"start":{"line":56,"column":9},"end":{"line":56,"column":32}},"type":"cond-expr","locations":[{"start":{"line":56,"column":17},"end":{"line":56,"column":25}},{"start":{"line":56,"column":28},"end":{"line":56,"column":32}}],"line":56}},"s":{"0":13,"1":4,"2":9,"3":13,"4":3,"5":10,"6":19,"7":3,"8":16,"9":16,"10":15,"11":3,"12":12,"13":24,"14":13,"15":3,"16":10,"17":6,"18":4,"19":17,"20":3,"21":14,"22":14,"23":14,"24":1},"f":{"0":13,"1":13,"2":19,"3":15,"4":24,"5":13,"6":17},"b":{"0":[4,9],"1":[13,10],"2":[3,10],"3":[3,16],"4":[3,12],"5":[3,10],"6":[6,4],"7":[3,14],"8":[7,7]},"_coverageSchema":"1a1c01bbd47fc00a2c39e90264f33305004495a9","hash":"7f225b9daff40495d48a872c79a6e735a6349c1a"}
}
