TN:
SF:src\utils\mathUtils.js
FN:6,add
FN:11,subtract
FN:16,multiply
FN:21,divide
FN:29,isEven
FN:34,factorial
FN:45,findMax
FN:53,calculateAverage
FN:57,(anonymous_8)
FNF:9
FNH:9
FNDA:9,add
FNDA:7,subtract
FNDA:9,multiply
FNDA:10,divide
FNDA:10,isEven
FNDA:18,factorial
FNDA:11,findMax
FNDA:13,calculateAverage
FNDA:25,(anonymous_8)
DA:7,9
DA:12,7
DA:17,9
DA:22,10
DA:23,2
DA:25,8
DA:30,10
DA:35,18
DA:36,2
DA:38,16
DA:39,6
DA:41,10
DA:46,11
DA:47,4
DA:49,7
DA:54,13
DA:55,4
DA:57,25
DA:58,9
DA:61,1
LF:20
LH:20
BRDA:22,0,0,2
BRDA:22,0,1,8
BRDA:35,1,0,2
BRDA:35,1,1,16
BRDA:38,2,0,6
BRDA:38,2,1,10
BRDA:38,3,0,16
BRDA:38,3,1,15
BRDA:46,4,0,4
BRDA:46,4,1,7
BRDA:46,5,0,11
BRDA:46,5,1,8
BRDA:54,6,0,4
BRDA:54,6,1,9
BRDA:54,7,0,13
BRDA:54,7,1,10
BRF:16
BRH:16
end_of_record
TN:
SF:src\utils\stringUtils.js
FN:6,capitalizeFirst
FN:14,reverseString
FN:22,isPalindrome
FN:31,countWords
FN:35,(anonymous_4)
FN:39,truncateString
FN:50,extractEmail
FNF:7
FNH:7
FNDA:13,capitalizeFirst
FNDA:13,reverseString
FNDA:19,isPalindrome
FNDA:15,countWords
FNDA:24,(anonymous_4)
FNDA:13,truncateString
FNDA:17,extractEmail
DA:7,13
DA:8,4
DA:10,9
DA:15,13
DA:16,3
DA:18,10
DA:23,19
DA:24,3
DA:26,16
DA:27,16
DA:32,15
DA:33,3
DA:35,24
DA:40,13
DA:41,3
DA:43,10
DA:44,6
DA:46,4
DA:51,17
DA:52,3
DA:54,14
DA:55,14
DA:56,14
DA:59,1
LF:24
LH:24
BRDA:7,0,0,4
BRDA:7,0,1,9
BRDA:7,1,0,13
BRDA:7,1,1,10
BRDA:15,2,0,3
BRDA:15,2,1,10
BRDA:23,3,0,3
BRDA:23,3,1,16
BRDA:32,4,0,3
BRDA:32,4,1,12
BRDA:40,5,0,3
BRDA:40,5,1,10
BRDA:43,6,0,6
BRDA:43,6,1,4
BRDA:51,7,0,3
BRDA:51,7,1,14
BRDA:56,8,0,7
BRDA:56,8,1,7
BRF:18
BRH:18
end_of_record
